2019-11-12 14:24:30,586 DEBUG Reading configuration `.pyre_configuration`...
2019-11-12 14:24:30,588 DEBUG Found source_directories: `.`
2019-11-12 14:24:30,590 WARNING Nonexistent path passed in to `ignore_all_errors`                         field: `/Users/tyleryep/Documents/Github/sage/conftest.py`

2019-11-12 14:24:30,591 WARNING Nonexistent path passed in to `ignore_all_errors`                         field: `/Users/tyleryep/Documents/Github/sage/fixtures/`

2019-11-12 14:24:30,595 DEBUG Running `/Users/tyleryep/miniconda3/bin/pyre.bin check -logging-sections parser -project-root /Users/tyleryep/Documents/Github/sage -filter-directories /Users/tyleryep/Documents/Github/sage -workers 1 -ignore-all-errors /Users/tyleryep/Documents/Github/sage/conftest.py;/Users/tyleryep/Documents/Github/sage/fixtures/ -search-path /Users/tyleryep/miniconda3/lib/python3.7/site-packages$tqdm,/Users/tyleryep/miniconda3/lib/pyre_check/typeshed/stdlib/3.7,/Users/tyleryep/miniconda3/lib/pyre_check/typeshed/stdlib/3.6,/Users/tyleryep/miniconda3/lib/pyre_check/typeshed/stdlib/3,/Users/tyleryep/miniconda3/lib/pyre_check/typeshed/stdlib/2and3,/Users/tyleryep/miniconda3/lib/pyre_check/typeshed/third_party/3,/Users/tyleryep/miniconda3/lib/pyre_check/typeshed/third_party/2and3 .`
2019-11-12 14:24:30,699 ERROR Client exited with error code 1

2019-11-12 14:24:44,666 DEBUG Reading configuration `.pyre_configuration`...
2019-11-12 14:24:44,666 DEBUG Found source_directories: `.`
2019-11-12 14:24:44,667 DEBUG Running `/Users/tyleryep/miniconda3/bin/pyre.bin check -logging-sections parser -project-root /Users/tyleryep/Documents/Github/sage -filter-directories /Users/tyleryep/Documents/Github/sage -workers 1 -search-path /Users/tyleryep/miniconda3/lib/python3.7/site-packages$tqdm,/Users/tyleryep/miniconda3/lib/pyre_check/typeshed/stdlib/3.7,/Users/tyleryep/miniconda3/lib/pyre_check/typeshed/stdlib/3.6,/Users/tyleryep/miniconda3/lib/pyre_check/typeshed/stdlib/3,/Users/tyleryep/miniconda3/lib/pyre_check/typeshed/stdlib/2and3,/Users/tyleryep/miniconda3/lib/pyre_check/typeshed/third_party/3,/Users/tyleryep/miniconda3/lib/pyre_check/typeshed/third_party/2and3 .`
2019-11-12 14:24:44,860 PERFORMANCE Module tracker built: 0.151000s
2019-11-12 14:24:44,960 INFO Parsing 884 stubs and sources...
2019-11-12 14:24:45,195 ERROR Could not parse file at models/world.py:132:3-132:3
   		if self.crashed: worldStr += 'CRASHED\n'
    ^

2019-11-12 14:24:47,807 WARNING Could not parse 1 file due to syntax errors!

2019-11-12 14:24:47,807 PERFORMANCE Sources parsed: 2.947000s
2019-11-12 14:24:47,911 INFO Building type environment...
2019-11-12 14:24:54,016 PERFORMANCE Full environment built: 6.208000s
2019-11-12 14:24:54,025 INFO Checking 42 sources...
2019-11-12 14:24:54,130 INFO Running check `TypeCheck`...
2019-11-12 14:24:54,707 INFO Processed 42 of 42 sources
2019-11-12 14:24:54,707 PERFORMANCE Check_TypeCheck: 0.690000s
2019-11-12 14:24:54,707 MEMORY Shared memory size post-typecheck (size: 16)
2019-11-12 14:24:54,711 PERFORMANCE Analyzed sources: 0.690000s
2019-11-12 14:24:54,719 PERFORMANCE Check: 10.018000s
2019-11-12 14:24:54,723 ERROR Found 53 type errors!

2019-11-12 14:26:09,839 DEBUG Reading configuration `.pyre_configuration`...
2019-11-12 14:26:09,839 DEBUG Found source_directories: `.`
2019-11-12 14:26:09,847 DEBUG Running `/Users/tyleryep/miniconda3/bin/pyre.bin check -logging-sections parser -project-root /Users/tyleryep/Documents/Github/sage -filter-directories /Users/tyleryep/Documents/Github/sage -workers 1 -search-path /Users/tyleryep/miniconda3/lib/python3.7/site-packages$matplotlib,/Users/tyleryep/miniconda3/lib/pyre_check/typeshed/stdlib/3.7,/Users/tyleryep/miniconda3/lib/pyre_check/typeshed/stdlib/3.6,/Users/tyleryep/miniconda3/lib/pyre_check/typeshed/stdlib/3,/Users/tyleryep/miniconda3/lib/pyre_check/typeshed/stdlib/2and3,/Users/tyleryep/miniconda3/lib/pyre_check/typeshed/third_party/3,/Users/tyleryep/miniconda3/lib/pyre_check/typeshed/third_party/2and3 .`
2019-11-12 14:26:10,012 PERFORMANCE Module tracker built: 0.107000s
2019-11-12 14:26:10,116 INFO Parsing 1011 stubs and sources...
2019-11-12 14:26:21,083 PERFORMANCE Sources parsed: 11.074000s
2019-11-12 14:26:21,187 INFO Building type environment...
2019-11-12 14:26:28,949 PERFORMANCE Full environment built: 7.869000s
2019-11-12 14:26:28,950 INFO Checking 43 sources...
2019-11-12 14:26:29,050 INFO Running check `TypeCheck`...
2019-11-12 14:26:29,661 INFO Processed 43 of 43 sources
2019-11-12 14:26:29,661 PERFORMANCE Check_TypeCheck: 0.711000s
2019-11-12 14:26:29,661 MEMORY Shared memory size post-typecheck (size: 31)
2019-11-12 14:26:29,665 PERFORMANCE Analyzed sources: 0.711000s
2019-11-12 14:26:29,674 PERFORMANCE Check: 19.774000s
2019-11-12 14:26:29,677 ERROR Found 54 type errors!

2019-11-12 14:26:49,066 DEBUG Reading configuration `.pyre_configuration`...
2019-11-12 14:26:49,067 DEBUG Found source_directories: `.`
2019-11-12 14:26:49,067 DEBUG Running `/Users/tyleryep/miniconda3/bin/pyre.bin check -logging-sections parser -project-root /Users/tyleryep/Documents/Github/sage -filter-directories /Users/tyleryep/Documents/Github/sage -workers 1 -search-path /Users/tyleryep/miniconda3/lib/pyre_check/typeshed/stdlib/3.7,/Users/tyleryep/miniconda3/lib/pyre_check/typeshed/stdlib/3.6,/Users/tyleryep/miniconda3/lib/pyre_check/typeshed/stdlib/3,/Users/tyleryep/miniconda3/lib/pyre_check/typeshed/stdlib/2and3,/Users/tyleryep/miniconda3/lib/pyre_check/typeshed/third_party/3,/Users/tyleryep/miniconda3/lib/pyre_check/typeshed/third_party/2and3 .`
2019-11-12 14:26:49,188 PERFORMANCE Module tracker built: 0.041000s
2019-11-12 14:26:49,293 INFO Parsing 867 stubs and sources...
2019-11-12 14:26:51,351 PERFORMANCE Sources parsed: 2.161000s
2019-11-12 14:26:51,452 INFO Building type environment...
2019-11-12 14:26:57,430 PERFORMANCE Full environment built: 6.075000s
2019-11-12 14:26:57,430 INFO Checking 43 sources...
2019-11-12 14:26:57,534 INFO Running check `TypeCheck`...
2019-11-12 14:26:58,147 INFO Processed 43 of 43 sources
2019-11-12 14:26:58,148 PERFORMANCE Check_TypeCheck: 0.716000s
2019-11-12 14:26:58,148 MEMORY Shared memory size post-typecheck (size: 16)
2019-11-12 14:26:58,150 PERFORMANCE Analyzed sources: 0.716000s
2019-11-12 14:26:58,159 PERFORMANCE Check: 9.008000s
2019-11-12 14:26:58,163 ERROR Found 56 type errors!

2019-11-12 14:27:11,173 DEBUG Reading configuration `.pyre_configuration`...
2019-11-12 14:27:11,173 DEBUG Found source_directories: `.`
2019-11-12 14:27:11,173 WARNING Nonexistent path passed in to `ignore_all_errors`                         field: `/Users/tyleryep/Documents/Github/sage/Undefined import`

2019-11-12 14:27:11,174 DEBUG Running `/Users/tyleryep/miniconda3/bin/pyre.bin check -logging-sections parser -project-root /Users/tyleryep/Documents/Github/sage -filter-directories /Users/tyleryep/Documents/Github/sage -workers 1 -ignore-all-errors /Users/tyleryep/Documents/Github/sage/Undefined import -search-path /Users/tyleryep/miniconda3/lib/pyre_check/typeshed/stdlib/3.7,/Users/tyleryep/miniconda3/lib/pyre_check/typeshed/stdlib/3.6,/Users/tyleryep/miniconda3/lib/pyre_check/typeshed/stdlib/3,/Users/tyleryep/miniconda3/lib/pyre_check/typeshed/stdlib/2and3,/Users/tyleryep/miniconda3/lib/pyre_check/typeshed/third_party/3,/Users/tyleryep/miniconda3/lib/pyre_check/typeshed/third_party/2and3 .`
2019-11-12 14:27:11,258 ERROR Client exited with error code 1

2019-11-12 14:28:58,667 DEBUG Reading configuration `.pyre_configuration`...
2019-11-12 14:28:58,668 DEBUG Found source_directories: `.`
2019-11-12 14:28:58,669 ERROR expected str, bytes or os.PathLike object, not int

2019-11-12 14:28:58,674 INFO Traceback (most recent call last):
  File "/Users/tyleryep/miniconda3/lib/python3.7/site-packages/pyre_check/client/pyre.py", line 541, in main
    excludes=arguments.exclude,
  File "/Users/tyleryep/miniconda3/lib/python3.7/site-packages/pyre_check/client/configuration.py", line 228, in __init__
    self._read(CONFIGURATION_FILE)
  File "/Users/tyleryep/miniconda3/lib/python3.7/site-packages/pyre_check/client/configuration.py", line 449, in _read
    for path in ignore_all_errors
  File "/Users/tyleryep/miniconda3/lib/python3.7/site-packages/pyre_check/client/configuration.py", line 449, in <listcomp>
    for path in ignore_all_errors
  File "/Users/tyleryep/miniconda3/lib/python3.7/site-packages/pyre_check/client/configuration.py", line 148, in expand_relative_path
    path = os.path.expanduser(path)
  File "/Users/tyleryep/miniconda3/lib/python3.7/posixpath.py", line 235, in expanduser
    path = os.fspath(path)
TypeError: expected str, bytes or os.PathLike object, not int

2019-11-12 14:31:34,484 DEBUG Reading configuration `.pyre_configuration`...
2019-11-12 14:31:34,485 DEBUG Found source_directories: `.`
2019-11-12 14:31:34,486 ERROR expected str, bytes or os.PathLike object, not int

2019-11-12 14:31:34,492 INFO Traceback (most recent call last):
  File "/Users/tyleryep/miniconda3/lib/python3.7/site-packages/pyre_check/client/pyre.py", line 541, in main
    excludes=arguments.exclude,
  File "/Users/tyleryep/miniconda3/lib/python3.7/site-packages/pyre_check/client/configuration.py", line 228, in __init__
    self._read(CONFIGURATION_FILE)
  File "/Users/tyleryep/miniconda3/lib/python3.7/site-packages/pyre_check/client/configuration.py", line 449, in _read
    for path in ignore_all_errors
  File "/Users/tyleryep/miniconda3/lib/python3.7/site-packages/pyre_check/client/configuration.py", line 449, in <listcomp>
    for path in ignore_all_errors
  File "/Users/tyleryep/miniconda3/lib/python3.7/site-packages/pyre_check/client/configuration.py", line 148, in expand_relative_path
    path = os.path.expanduser(path)
  File "/Users/tyleryep/miniconda3/lib/python3.7/posixpath.py", line 235, in expanduser
    path = os.fspath(path)
TypeError: expected str, bytes or os.PathLike object, not int

2019-11-12 14:31:42,574 DEBUG Reading configuration `.pyre_configuration`...
2019-11-12 14:31:42,574 DEBUG Found source_directories: `.`
2019-11-12 14:31:42,577 DEBUG Running `/Users/tyleryep/miniconda3/bin/pyre.bin check -logging-sections parser -project-root /Users/tyleryep/Documents/Github/sage -filter-directories /Users/tyleryep/Documents/Github/sage -workers 1 -search-path /Users/tyleryep/miniconda3/lib/pyre_check/typeshed/stdlib/3.7,/Users/tyleryep/miniconda3/lib/pyre_check/typeshed/stdlib/3.6,/Users/tyleryep/miniconda3/lib/pyre_check/typeshed/stdlib/3,/Users/tyleryep/miniconda3/lib/pyre_check/typeshed/stdlib/2and3,/Users/tyleryep/miniconda3/lib/pyre_check/typeshed/third_party/3,/Users/tyleryep/miniconda3/lib/pyre_check/typeshed/third_party/2and3 .`
2019-11-12 14:31:42,774 PERFORMANCE Module tracker built: 0.066000s
2019-11-12 14:31:42,874 INFO Parsing 867 stubs and sources...
2019-11-12 14:31:45,616 PERFORMANCE Sources parsed: 2.840000s
2019-11-12 14:31:45,719 INFO Building type environment...
2019-11-12 14:31:51,922 PERFORMANCE Full environment built: 6.302000s
2019-11-12 14:31:51,922 INFO Checking 43 sources...
2019-11-12 14:31:52,024 INFO Running check `TypeCheck`...
2019-11-12 14:31:52,676 INFO Processed 43 of 43 sources
2019-11-12 14:31:52,677 PERFORMANCE Check_TypeCheck: 0.754000s
2019-11-12 14:31:52,677 MEMORY Shared memory size post-typecheck (size: 16)
2019-11-12 14:31:52,680 PERFORMANCE Analyzed sources: 0.754000s
2019-11-12 14:31:52,688 PERFORMANCE Check: 9.977000s
2019-11-12 14:31:52,692 ERROR Found 61 type errors!

2019-11-12 14:32:13,646 DEBUG Reading configuration `.pyre_configuration`...
2019-11-12 14:32:13,647 DEBUG Found source_directories: `.`
2019-11-12 14:32:13,647 DEBUG Running `/Users/tyleryep/miniconda3/bin/pyre.bin check -logging-sections parser -project-root /Users/tyleryep/Documents/Github/sage -filter-directories /Users/tyleryep/Documents/Github/sage -workers 1 -search-path /Users/tyleryep/miniconda3/lib/pyre_check/typeshed/stdlib/3.7,/Users/tyleryep/miniconda3/lib/pyre_check/typeshed/stdlib/3.6,/Users/tyleryep/miniconda3/lib/pyre_check/typeshed/stdlib/3,/Users/tyleryep/miniconda3/lib/pyre_check/typeshed/stdlib/2and3,/Users/tyleryep/miniconda3/lib/pyre_check/typeshed/third_party/3,/Users/tyleryep/miniconda3/lib/pyre_check/typeshed/third_party/2and3 .`
2019-11-12 14:32:13,798 PERFORMANCE Module tracker built: 0.046000s
2019-11-12 14:32:13,899 INFO Parsing 867 stubs and sources...
2019-11-12 14:32:16,750 PERFORMANCE Sources parsed: 2.953000s
2019-11-12 14:32:16,850 INFO Building type environment...
2019-11-12 14:32:23,007 PERFORMANCE Full environment built: 6.259000s
2019-11-12 14:32:23,012 INFO Checking 43 sources...
2019-11-12 14:32:23,116 INFO Running check `TypeCheck`...
2019-11-12 14:32:23,751 INFO Processed 43 of 43 sources
2019-11-12 14:32:23,751 PERFORMANCE Check_TypeCheck: 0.744000s
2019-11-12 14:32:23,752 MEMORY Shared memory size post-typecheck (size: 16)
2019-11-12 14:32:23,754 PERFORMANCE Analyzed sources: 0.744000s
2019-11-12 14:32:23,762 PERFORMANCE Check: 10.023000s
2019-11-12 14:32:23,766 ERROR Found 56 type errors!

